<?xml version="1.0" encoding="UTF-8"?>
<!-- Generated by org.testng.reporters.JUnitXMLReporter -->
<testsuite ignored="1" hostname="LokithaNs-MacBook-Air.local" failures="0" tests="1" name="Default test" time="7.996" errors="0" timestamp="2025-08-28T18:54:33 IST">
  <testcase classname="tests.LoginTest" name="testValidLogin" time="5.508"/>
  <testcase classname="tests.LoginTest" name="testInvalidPassword" time="0.0">
    <ignored/>
  </testcase> <!-- testInvalidPassword -->
</testsuite> <!-- Default test -->
