<?xml version="1.0" encoding="UTF-8"?>
<testng-results ignored="0" total="3" passed="3" failed="0" skipped="0">
  <reporter-output>
  </reporter-output>
  <suite started-at="2025-08-28T23:05:13 IST" name="TestSuits" finished-at="2025-08-28T23:05:21 IST" duration-ms="8765">
    <groups>
    </groups>
    <test started-at="2025-08-28T23:05:13 IST" name="LoginTests" finished-at="2025-08-28T23:05:21 IST" duration-ms="8765">
      <class name="tests.LoginTest">
        <test-method is-config="true" signature="setUp()[pri:0, instance:tests.LoginTest@16150369]" started-at="2025-08-28T23:05:13 IST" name="setUp" finished-at="2025-08-28T23:05:18 IST" duration-ms="5144" status="PASS">
          <reporter-output>
          </reporter-output>
        </test-method> <!-- setUp -->
        <test-method signature="testBlankUsername()[pri:0, instance:tests.LoginTest@16150369]" started-at="2025-08-28T23:05:18 IST" name="testBlankUsername" finished-at="2025-08-28T23:05:18 IST" duration-ms="736" status="PASS">
          <reporter-output>
          </reporter-output>
        </test-method> <!-- testBlankUsername -->
        <test-method signature="testInvalidPassword()[pri:0, instance:tests.LoginTest@16150369]" started-at="2025-08-28T23:05:18 IST" name="testInvalidPassword" finished-at="2025-08-28T23:05:20 IST" duration-ms="1666" status="PASS">
          <reporter-output>
          </reporter-output>
        </test-method> <!-- testInvalidPassword -->
        <test-method signature="testValidLogin()[pri:0, instance:tests.LoginTest@16150369]" started-at="2025-08-28T23:05:20 IST" name="testValidLogin" finished-at="2025-08-28T23:05:21 IST" duration-ms="1103" status="PASS">
          <reporter-output>
          </reporter-output>
        </test-method> <!-- testValidLogin -->
        <test-method is-config="true" signature="tearDown()[pri:0, instance:tests.LoginTest@16150369]" started-at="2025-08-28T23:05:21 IST" name="tearDown" finished-at="2025-08-28T23:05:21 IST" duration-ms="94" status="PASS">
          <reporter-output>
          </reporter-output>
        </test-method> <!-- tearDown -->
      </class> <!-- tests.LoginTest -->
    </test> <!-- LoginTests -->
  </suite> <!-- TestSuits -->
</testng-results>
